<?xml version="1.0" encoding="UTF-8"?>
<!-- Generated by org.testng.reporters.JUnitReportReporter -->
<testsuite hostname="DESKTOP-G7980L0" failures="0" tests="1" name="org.testing.TestScripts.TC1" time="13.627" errors="0" timestamp="2021-12-07T22:52:47 IST" skipped="0">
  <testcase classname="org.testing.TestScripts.TC1" name="tc1" time="13.627"/>
  <system-out/>
</testsuite> <!-- org.testing.TestScripts.TC1 -->
